0 info it worked if it ends with ok
1 verbose cli [ 'node', '/usr/local/bin/npm', 'install', 'hive-config' ]
2 info using npm@1.1.62
3 info using node@v0.8.11
4 verbose read json /Users/dedelhart/Documents/node/hive-mvc/package.json
5 verbose read json /Users/dedelhart/Documents/node/hive-mvc/node_modules/async/package.json
6 verbose read json /Users/dedelhart/Documents/node/hive-mvc/node_modules/cli-table/package.json
7 verbose read json /Users/dedelhart/Documents/node/hive-mvc/node_modules/gate/package.json
8 verbose read json /Users/dedelhart/Documents/node/hive-mvc/node_modules/hive-component/package.json
9 verbose read json /Users/dedelhart/Documents/node/hive-mvc/node_modules/hive-configuration/package.json
10 verbose read json /Users/dedelhart/Documents/node/hive-mvc/node_modules/hive-loader/package.json
11 verbose read json /Users/dedelhart/Documents/node/hive-mvc/node_modules/mkdirp/package.json
12 verbose read json /Users/dedelhart/Documents/node/hive-mvc/node_modules/request/package.json
13 verbose read json /Users/dedelhart/Documents/node/hive-mvc/node_modules/rmdir/package.json
14 verbose read json /Users/dedelhart/Documents/node/hive-mvc/node_modules/support/package.json
15 verbose read json /Users/dedelhart/Documents/node/hive-mvc/node_modules/tap/package.json
16 verbose read json /Users/dedelhart/Documents/node/hive-mvc/node_modules/underscore/package.json
17 verbose from cache /Users/dedelhart/Documents/node/hive-mvc/package.json
18 verbose readDependencies using package.json deps
19 verbose cache add [ 'hive-config', null ]
20 silly cache add name=undefined spec="hive-config" args=["hive-config",null]
21 verbose parsed url { pathname: 'hive-config',
21 verbose parsed url   path: 'hive-config',
21 verbose parsed url   href: 'hive-config' }
22 silly lockFile 740fedb1-hive-config hive-config
23 verbose lock hive-config /Users/dedelhart/.npm/740fedb1-hive-config.lock
24 silly lockFile 740fedb1-hive-config hive-config
25 verbose addNamed [ 'hive-config', '' ]
26 verbose addNamed [ null, '' ]
27 silly lockFile 58da69ad-hive-config hive-config@
28 verbose lock hive-config@ /Users/dedelhart/.npm/58da69ad-hive-config.lock
29 silly addNameRange { name: 'hive-config', range: '', hasData: false }
30 verbose url raw hive-config
31 verbose url resolving [ 'https://registry.npmjs.org/', './hive-config' ]
32 verbose url resolved https://registry.npmjs.org/hive-config
33 info trying registry request attempt 1 at 06:08:10
34 http GET https://registry.npmjs.org/hive-config
35 http 404 https://registry.npmjs.org/hive-config
36 silly registry.get cb [ 404,
36 silly registry.get   { server: 'CouchDB/1.2.0 (Erlang OTP/R15B)',
36 silly registry.get     date: 'Sun, 02 Dec 2012 14:07:28 GMT',
36 silly registry.get     'content-type': 'application/json',
36 silly registry.get     'content-length': '52',
36 silly registry.get     'cache-control': 'must-revalidate' } ]
37 silly lockFile 58da69ad-hive-config hive-config@
38 error 404 'hive-config' is not in the npm registry.
38 error 404 You should bug the author to publish it
38 error 404
38 error 404 Note that you can also install from a
38 error 404 tarball, folder, or http url, or git url.
39 error System Darwin 12.2.0
40 error command "node" "/usr/local/bin/npm" "install" "hive-config"
41 error cwd /Users/dedelhart/Documents/node/hive-mvc
42 error node -v v0.8.11
43 error npm -v 1.1.62
44 error code E404
45 verbose exit [ 1, true ]
